The system is: Linux - 4.4.0-18362-Microsoft - x86_64
Compiling the C compiler identification source file "CMakeCCompilerId.c" succeeded.
Compiler: /usr/bin/cc 
Build flags: 
Id flags:  

The output was:
0


Compilation of the C compiler identification source "CMakeCCompilerId.c" produced "a.out"

The C compiler identification is GNU, found in "/mnt/c/Users/juliojair/OneDrive/Documentos/CLionProjects/findroots/cmake-build-debug/CMakeFiles/3.16.3/CompilerIdC/a.out"

Compiling the CXX compiler identification source file "CMakeCXXCompilerId.cpp" succeeded.
Compiler: /usr/bin/c++ 
Build flags: 
Id flags:  

The output was:
0


Compilation of the CXX compiler identification source "CMakeCXXCompilerId.cpp" produced "a.out"

The CXX compiler identification is GNU, found in "/mnt/c/Users/juliojair/OneDrive/Documentos/CLionProjects/findroots/cmake-build-debug/CMakeFiles/3.16.3/CompilerIdCXX/a.out"

Determining if the C compiler works passed with the following output:
Change Dir: /mnt/c/Users/juliojair/OneDrive/Documentos/CLionProjects/findroots/cmake-build-debug/CMakeFiles/CMakeTmp

Run Build Command(s):/usr/bin/make cmTC_4e122/fast && /usr/bin/make -f CMakeFiles/cmTC_4e122.dir/build.make CMakeFiles/cmTC_4e122.dir/build
make[1]: Entering directory '/mnt/c/Users/juliojair/OneDrive/Documentos/CLionProjects/findroots/cmake-build-debug/CMakeFiles/CMakeTmp'
Building C object CMakeFiles/cmTC_4e122.dir/testCCompiler.c.o
/usr/bin/cc    -o CMakeFiles/cmTC_4e122.dir/testCCompiler.c.o   -c /mnt/c/Users/juliojair/OneDrive/Documentos/CLionProjects/findroots/cmake-build-debug/CMakeFiles/CMakeTmp/testCCompiler.c
Linking C executable cmTC_4e122
/usr/bin/cmake -E cmake_link_script CMakeFiles/cmTC_4e122.dir/link.txt --verbose=1
/usr/bin/cc      CMakeFiles/cmTC_4e122.dir/testCCompiler.c.o  -o cmTC_4e122 
make[1]: Leaving directory '/mnt/c/Users/juliojair/OneDrive/Documentos/CLionProjects/findroots/cmake-build-debug/CMakeFiles/CMakeTmp'



Determining if the CXX compiler works passed with the following output:
Change Dir: /mnt/c/Users/juliojair/OneDrive/Documentos/CLionProjects/findroots/cmake-build-debug/CMakeFiles/CMakeTmp

Run Build Command(s):/usr/bin/make cmTC_6384b/fast && /usr/bin/make -f CMakeFiles/cmTC_6384b.dir/build.make CMakeFiles/cmTC_6384b.dir/build
make[1]: Entering directory '/mnt/c/Users/juliojair/OneDrive/Documentos/CLionProjects/findroots/cmake-build-debug/CMakeFiles/CMakeTmp'
Building CXX object CMakeFiles/cmTC_6384b.dir/testCXXCompiler.cxx.o
/usr/bin/c++     -o CMakeFiles/cmTC_6384b.dir/testCXXCompiler.cxx.o -c /mnt/c/Users/juliojair/OneDrive/Documentos/CLionProjects/findroots/cmake-build-debug/CMakeFiles/CMakeTmp/testCXXCompiler.cxx
Linking CXX executable cmTC_6384b
/usr/bin/cmake -E cmake_link_script CMakeFiles/cmTC_6384b.dir/link.txt --verbose=1
/usr/bin/c++       CMakeFiles/cmTC_6384b.dir/testCXXCompiler.cxx.o  -o cmTC_6384b 
make[1]: Leaving directory '/mnt/c/Users/juliojair/OneDrive/Documentos/CLionProjects/findroots/cmake-build-debug/CMakeFiles/CMakeTmp'



